test_get_nb_char (__main__.TestExercice) ... ERROR
test_get_nb_words (__main__.TestExercice) ... ERROR
test_pair (__main__.TestExercice) ... FAIL
test_remove_third_char (__main__.TestExercice) ... ok
test_replace_char (__main__.TestExercice) ... ok

======================================================================
ERROR: test_get_nb_char (__main__.TestExercice)
----------------------------------------------------------------------
Traceback (most recent call last):
  File "test_exercice.py", line 59, in test_get_nb_char
    output = [exercice.get_nb_char(v[0], v[1]) for v in values]
  File "test_exercice.py", line 59, in <listcomp>
    output = [exercice.get_nb_char(v[0], v[1]) for v in values]
  File "/home/runner/work/c01_ch4_exercices-manuts987/c01_ch4_exercices-manuts987/exercice.py", line 24, in get_nb_char
    return count
NameError: name 'count' is not defined

======================================================================
ERROR: test_get_nb_words (__main__.TestExercice)
----------------------------------------------------------------------
Traceback (most recent call last):
  File "test_exercice.py", line 75, in test_get_nb_words
    output = [exercice.get_nb_words(v[0], v[1]) for v in values]
  File "test_exercice.py", line 75, in <listcomp>
    output = [exercice.get_nb_words(v[0], v[1]) for v in values]
TypeError: get_nb_words() takes 1 positional argument but 2 were given

======================================================================
FAIL: test_pair (__main__.TestExercice)
----------------------------------------------------------------------
Traceback (most recent call last):
  File "test_exercice.py", line 21, in test_pair
    'Mauvaise identification de la parité de la longueur de la chaine'
AssertionError: Lists differ: [False, False, False] != [True, False, False]

First differing element 0:
False
True

- [False, False, False]
+ [True, False, False] : Mauvaise identification de la parité de la longueur de la chaine

----------------------------------------------------------------------
Ran 5 tests in 0.001s

FAILED (failures=1, errors=2)
